<?xml version="1.0" encoding="UTF-8"?>
<testng-results ignored="0" total="2" passed="2" failed="0" skipped="0">
  <reporter-output>
  </reporter-output>
  <suite started-at="2019-10-14T18:48:22 IST" name="Framewwork Basics" finished-at="2019-10-14T18:48:31 IST" duration-ms="9498">
    <groups>
    </groups>
    <test started-at="2019-10-14T18:48:22 IST" name="Bank Manager Login Test" finished-at="2019-10-14T18:48:25 IST" duration-ms="3429">
      <class name="testcases.BankManagerLoginTest">
        <test-method signature="loginAsBankManager()[pri:1, instance:testcases.BankManagerLoginTest@4066c471]" started-at="2019-10-14T18:48:22 IST" name="loginAsBankManager" finished-at="2019-10-14T18:48:25 IST" duration-ms="3104" status="PASS">
          <reporter-output>
          </reporter-output>
        </test-method> <!-- loginAsBankManager -->
      </class> <!-- testcases.BankManagerLoginTest -->
    </test> <!-- Bank Manager Login Test -->
    <test started-at="2019-10-14T18:48:25 IST" name="Add Customer Test" finished-at="2019-10-14T18:48:31 IST" duration-ms="6031">
      <class name="testcases.AddCustomerTest">
        <test-method is-config="true" signature="setup()[pri:0, instance:testcases.AddCustomerTest@45d2ade3]" started-at="2019-10-14T18:48:18 IST" name="setup" finished-at="2019-10-14T18:48:22 IST" duration-ms="4353" status="PASS">
          <reporter-output>
          </reporter-output>
        </test-method> <!-- setup -->
        <test-method signature="AddCustomerTest(java.util.Hashtable)[pri:2, instance:testcases.AddCustomerTest@45d2ade3]" started-at="2019-10-14T18:48:25 IST" name="AddCustomerTest" data-provider="dp" finished-at="2019-10-14T18:48:31 IST" duration-ms="5630" status="PASS">
          <params>
            <param index="0">
              <value>
                <![CDATA[{postCode=A232345, Alerttext=Customer added successfully , lastName=jain, firstName=neeraj}]]>
              </value>
            </param>
          </params>
          <reporter-output>
          </reporter-output>
        </test-method> <!-- AddCustomerTest -->
        <test-method is-config="true" signature="teardown()[pri:0, instance:testcases.AddCustomerTest@45d2ade3]" started-at="2019-10-14T18:48:31 IST" name="teardown" finished-at="2019-10-14T18:48:33 IST" duration-ms="1472" status="PASS">
          <reporter-output>
          </reporter-output>
        </test-method> <!-- teardown -->
      </class> <!-- testcases.AddCustomerTest -->
    </test> <!-- Add Customer Test -->
  </suite> <!-- Framewwork Basics -->
</testng-results>
