<?xml version="1.0" encoding="UTF-8"?>
<testsuite xmlns:xsi="http://www.w3.org/2001/XMLSchema-instance" xsi:noNamespaceSchemaLocation="https://maven.apache.org/surefire/maven-surefire-plugin/xsd/surefire-test-report.xsd" name="TestSuite" time="16.815" tests="2" errors="0" skipped="0" failures="0">
  <properties>
[...]
</properties>
  <testcase name="loginAsBankManager" classname="testcases.BankManagerLoginTest" time="3.406"/>
  <testcase name="AddCustomerTest" classname="testcases.AddCustomerTest" time="6.008"/>
</testsuite>